<?xml version="1.0" encoding="UTF-8"?>
<!-- Generated by org.testng.reporters.JUnitReportReporter -->
<testsuite hostname="Voronoy" failures="0" tests="1" name="testCases.loginPageTestCase" time="8.498" errors="0" timestamp="2023-09-13T23:45:43 IST" skipped="0">
  <testcase classname="testCases.loginPageTestCase" name="loginTest" time="8.498"/>
</testsuite> <!-- testCases.loginPageTestCase -->
