<?xml version="1.0" encoding="UTF-8"?>
<!-- Generated by org.testng.reporters.JUnitReportReporter -->
<testsuite hostname="Voronoy" failures="0" tests="1" name="testCases.myInfoUpdate" time="49.039" errors="0" timestamp="2023-09-15T20:57:45 IST" skipped="0">
  <testcase classname="testCases.myInfoUpdate" name="myInfoTestCase" time="49.039"/>
</testsuite> <!-- testCases.myInfoUpdate -->
