<?xml version="1.0" encoding="UTF-8"?>
<!-- Generated by org.testng.reporters.JUnitReportReporter -->
<testsuite hostname="Voronoy" failures="0" tests="1" name="testCases.Testlogindeleteafter" time="11.119" errors="0" timestamp="2023-09-13T00:28:26 IST" skipped="0">
  <testcase classname="testCases.Testlogindeleteafter" name="phplogin" time="11.119"/>
</testsuite> <!-- testCases.Testlogindeleteafter -->
