<?xml version="1.0" encoding="UTF-8"?>
<!-- Generated by org.testng.reporters.JUnitReportReporter -->
<testsuite hostname="Voronoy" failures="0" tests="1" name="testCases.LoginWithoutFindBy" time="13.235" errors="0" timestamp="2023-09-15T21:20:41 IST" skipped="0">
  <testcase classname="testCases.LoginWithoutFindBy" name="login" time="13.235"/>
</testsuite> <!-- testCases.LoginWithoutFindBy -->
